make --dry-run --always-make --keep-going --print-directory
make: Entering directory '/home/lrandria/42/cub3d'
make -C ./minilibx-linux
make -C ./libft
mkdir -p objs
gcc -Wall -Wextra -Werror -g3 -MMD -MP -o objs/0_main.o -c srcs/0_main.c
mkdir -p objs
gcc -Wall -Wextra -Werror -g3 -MMD -MP -o objs/1_parsing_get_file.o -c srcs/1_parsing_get_file.c
mkdir -p objs
gcc -Wall -Wextra -Werror -g3 -MMD -MP -o objs/2_parsing_check_info.o -c srcs/2_parsing_check_info.c
mkdir -p objs
gcc -Wall -Wextra -Werror -g3 -MMD -MP -o objs/3_parsing_get_paths.o -c srcs/3_parsing_get_paths.c
mkdir -p objs
gcc -Wall -Wextra -Werror -g3 -MMD -MP -o objs/4_parsing_get_colours.o -c srcs/4_parsing_get_colours.c
mkdir -p objs
gcc -Wall -Wextra -Werror -g3 -MMD -MP -o objs/5_parsing_get_map.o -c srcs/5_parsing_get_map.c
mkdir -p objs
gcc -Wall -Wextra -Werror -g3 -MMD -MP -o objs/6_parsing_check_map.o -c srcs/6_parsing_check_map.c
mkdir -p objs
gcc -Wall -Wextra -Werror -g3 -MMD -MP -o objs/7_parsing_check_walls.o -c srcs/7_parsing_check_walls.c
mkdir -p objs
gcc -Wall -Wextra -Werror -g3 -MMD -MP -o objs/8_launch_game.o -c srcs/8_launch_game.c
mkdir -p objs
gcc -Wall -Wextra -Werror -g3 -MMD -MP -o objs/9_exec_init_moves.o -c srcs/9_exec_init_moves.c
mkdir -p objs
gcc -Wall -Wextra -Werror -g3 -MMD -MP -o objs/10_exec_init_pov.o -c srcs/10_exec_init_pov.c
mkdir -p objs
gcc -Wall -Wextra -Werror -g3 -MMD -MP -o objs/11_exec_init_screen.o -c srcs/11_exec_init_screen.c
mkdir -p objs
gcc -Wall -Wextra -Werror -g3 -MMD -MP -o objs/12_exec_init_textures.o -c srcs/12_exec_init_textures.c
mkdir -p objs
gcc -Wall -Wextra -Werror -g3 -MMD -MP -o objs/13_exec_init_images.o -c srcs/13_exec_init_images.c
mkdir -p objs
gcc -Wall -Wextra -Werror -g3 -MMD -MP -o objs/14_exec_hook_exiting.o -c srcs/14_exec_hook_exiting.c
mkdir -p objs
gcc -Wall -Wextra -Werror -g3 -MMD -MP -o objs/14_exec_hook_keying.o -c srcs/14_exec_hook_keying.c
mkdir -p objs
gcc -Wall -Wextra -Werror -g3 -MMD -MP -o objs/14_exec_hook_releasing.o -c srcs/14_exec_hook_releasing.c
mkdir -p objs
gcc -Wall -Wextra -Werror -g3 -MMD -MP -o objs/15_exec_raycast_raycasting.o -c srcs/15_exec_raycast_raycasting.c
mkdir -p objs
gcc -Wall -Wextra -Werror -g3 -MMD -MP -o objs/15_exec_raycast_init_ray.o -c srcs/15_exec_raycast_init_ray.c
mkdir -p objs
gcc -Wall -Wextra -Werror -g3 -MMD -MP -o objs/15_exec_raycast_processing_ray.o -c srcs/15_exec_raycast_processing_ray.c
mkdir -p objs
gcc -Wall -Wextra -Werror -g3 -MMD -MP -o objs/15_exec_raycast_texturing_scene.o -c srcs/15_exec_raycast_texturing_scene.c
mkdir -p objs
gcc -Wall -Wextra -Werror -g3 -MMD -MP -o objs/15_exec_raycast_moving.o -c srcs/15_exec_raycast_moving.c
mkdir -p objs
gcc -Wall -Wextra -Werror -g3 -MMD -MP -o objs/utils_free.o -c srcs/utils_free.c
mkdir -p objs
gcc -Wall -Wextra -Werror -g3 -MMD -MP -o objs/utils_str.o -c srcs/utils_str.c
mkdir -p objs
gcc -Wall -Wextra -Werror -g3 -MMD -MP -o objs/utils_tab.o -c srcs/utils_tab.c
mkdir -p objs
gcc -Wall -Wextra -Werror -g3 -MMD -MP -o objs/utils_whitespaces.o -c srcs/utils_whitespaces.c
mkdir -p objs
gcc -Wall -Wextra -Werror -g3 -MMD -MP -o objs/printing.o -c srcs/printing.c
gcc -Wall -Wextra -Werror -g3 -MMD -MP -I incl -o cub3d ./objs/0_main.o ./objs/1_parsing_get_file.o ./objs/2_parsing_check_info.o ./objs/3_parsing_get_paths.o ./objs/4_parsing_get_colours.o ./objs/5_parsing_get_map.o ./objs/6_parsing_check_map.o ./objs/7_parsing_check_walls.o ./objs/8_launch_game.o ./objs/9_exec_init_moves.o ./objs/10_exec_init_pov.o ./objs/11_exec_init_screen.o ./objs/12_exec_init_textures.o ./objs/13_exec_init_images.o ./objs/14_exec_hook_exiting.o ./objs/14_exec_hook_keying.o ./objs/14_exec_hook_releasing.o ./objs/15_exec_raycast_raycasting.o ./objs/15_exec_raycast_init_ray.o ./objs/15_exec_raycast_processing_ray.o ./objs/15_exec_raycast_texturing_scene.o ./objs/15_exec_raycast_moving.o ./objs/utils_free.o ./objs/utils_str.o ./objs/utils_tab.o ./objs/utils_whitespaces.o ./objs/printing.o -L ./libft -lft -L ./minilibx-linux -lmlx -lXext -lX11 -lm -lbsd
make: Leaving directory '/home/lrandria/42/cub3d'
 
